android/app/build/intermediates/manifest_merge_blame_file/debug/processDebugMainManifest/manifest-merger-blame-debug-report.txt
1<?xml version="1.0" encoding="utf-8"?>
2<manifest xmlns:android="http://schemas.android.com/apk/res/android"
3    package="com.example.foodlogger"
4    android:versionCode="1"
5    android:versionName="1.0" >
6
7    <uses-sdk
8        android:minSdkVersion="24"
9        android:targetSdkVersion="34" />
10
11    <uses-permission android:name="android.permission.CAMERA" />
11-->src\main\AndroidManifest.xml:3:5-65
11-->src\main\AndroidManifest.xml:3:22-62
12    <uses-permission android:name="android.permission.INTERNET" />
12-->src\main\AndroidManifest.xml:4:5-67
12-->src\main\AndroidManifest.xml:4:22-64
13    <uses-permission
13-->src\main\AndroidManifest.xml:5:5-6:38
14        android:name="android.permission.WRITE_EXTERNAL_STORAGE"
14-->src\main\AndroidManifest.xml:5:22-78
15        android:maxSdkVersion="28" />
15-->src\main\AndroidManifest.xml:6:9-35
16
17    <permission
17-->[androidx.core:core:1.13.1] AndroidManifest.xml:22:5-24:47
18        android:name="com.example.foodlogger.DYNAMIC_RECEIVER_NOT_EXPORTED_PERMISSION"
18-->[androidx.core:core:1.13.1] AndroidManifest.xml:23:9-81
19        android:protectionLevel="signature" />
19-->[androidx.core:core:1.13.1] AndroidManifest.xml:24:9-44
20
21    <uses-permission android:name="com.example.foodlogger.DYNAMIC_RECEIVER_NOT_EXPORTED_PERMISSION" />
21-->[androidx.core:core:1.13.1] AndroidManifest.xml:26:5-97
21-->[androidx.core:core:1.13.1] AndroidManifest.xml:26:22-94
22
23    <application
23-->src\main\AndroidManifest.xml:8:5-44:19
24        android:allowBackup="true"
24-->src\main\AndroidManifest.xml:9:9-35
25        android:appComponentFactory="androidx.core.app.CoreComponentFactory"
25-->[androidx.core:core:1.13.1] AndroidManifest.xml:28:18-86
26        android:debuggable="true"
27        android:extractNativeLibs="false"
28        android:icon="@mipmap/ic_launcher"
28-->src\main\AndroidManifest.xml:10:9-43
29        android:label="FoodLogger"
29-->src\main\AndroidManifest.xml:11:9-35
30        android:roundIcon="@mipmap/ic_launcher_round"
30-->src\main\AndroidManifest.xml:12:9-54
31        android:supportsRtl="true"
31-->src\main\AndroidManifest.xml:13:9-35
32        android:testOnly="true"
33        android:theme="@style/Theme.FoodLogger"
33-->src\main\AndroidManifest.xml:14:9-48
34        android:usesCleartextTraffic="true" >
34-->src\main\AndroidManifest.xml:15:9-44
35        <activity
35-->src\main\AndroidManifest.xml:17:9-24:20
36            android:name="com.example.foodlogger.MainActivity"
36-->src\main\AndroidManifest.xml:18:13-41
37            android:exported="true" >
37-->src\main\AndroidManifest.xml:19:13-36
38            <intent-filter>
38-->src\main\AndroidManifest.xml:20:13-23:29
39                <action android:name="android.intent.action.MAIN" />
39-->src\main\AndroidManifest.xml:21:17-69
39-->src\main\AndroidManifest.xml:21:25-66
40
41                <category android:name="android.intent.category.LAUNCHER" />
41-->src\main\AndroidManifest.xml:22:17-77
41-->src\main\AndroidManifest.xml:22:27-74
42            </intent-filter>
43        </activity>
44        <activity
44-->src\main\AndroidManifest.xml:26:9-28:40
45            android:name="com.example.foodlogger.HistoryActivity"
45-->src\main\AndroidManifest.xml:27:13-44
46            android:exported="false" />
46-->src\main\AndroidManifest.xml:28:13-37
47        <activity
47-->src\main\AndroidManifest.xml:30:9-32:40
48            android:name="com.example.foodlogger.DayDetailActivity"
48-->src\main\AndroidManifest.xml:31:13-46
49            android:exported="false" />
49-->src\main\AndroidManifest.xml:32:13-37
50
51        <provider
52            android:name="androidx.core.content.FileProvider"
52-->src\main\AndroidManifest.xml:35:13-62
53            android:authorities="com.example.foodlogger.fileprovider"
53-->src\main\AndroidManifest.xml:36:13-64
54            android:exported="false"
54-->src\main\AndroidManifest.xml:37:13-37
55            android:grantUriPermissions="true" >
55-->src\main\AndroidManifest.xml:38:13-47
56            <meta-data
56-->src\main\AndroidManifest.xml:39:13-41:54
57                android:name="android.support.FILE_PROVIDER_PATHS"
57-->src\main\AndroidManifest.xml:40:17-67
58                android:resource="@xml/file_paths" />
58-->src\main\AndroidManifest.xml:41:17-51
59        </provider>
60        <provider
60-->[androidx.emoji2:emoji2:1.3.0] AndroidManifest.xml:24:9-32:20
61            android:name="androidx.startup.InitializationProvider"
61-->[androidx.emoji2:emoji2:1.3.0] AndroidManifest.xml:25:13-67
62            android:authorities="com.example.foodlogger.androidx-startup"
62-->[androidx.emoji2:emoji2:1.3.0] AndroidManifest.xml:26:13-68
63            android:exported="false" >
63-->[androidx.emoji2:emoji2:1.3.0] AndroidManifest.xml:27:13-37
64            <meta-data
64-->[androidx.emoji2:emoji2:1.3.0] AndroidManifest.xml:29:13-31:52
65                android:name="androidx.emoji2.text.EmojiCompatInitializer"
65-->[androidx.emoji2:emoji2:1.3.0] AndroidManifest.xml:30:17-75
66                android:value="androidx.startup" />
66-->[androidx.emoji2:emoji2:1.3.0] AndroidManifest.xml:31:17-49
67            <meta-data
67-->[androidx.lifecycle:lifecycle-process:2.8.6] AndroidManifest.xml:29:13-31:52
68                android:name="androidx.lifecycle.ProcessLifecycleInitializer"
68-->[androidx.lifecycle:lifecycle-process:2.8.6] AndroidManifest.xml:30:17-78
69                android:value="androidx.startup" />
69-->[androidx.lifecycle:lifecycle-process:2.8.6] AndroidManifest.xml:31:17-49
70            <meta-data
70-->[androidx.profileinstaller:profileinstaller:1.3.1] AndroidManifest.xml:29:13-31:52
71                android:name="androidx.profileinstaller.ProfileInstallerInitializer"
71-->[androidx.profileinstaller:profileinstaller:1.3.1] AndroidManifest.xml:30:17-85
72                android:value="androidx.startup" />
72-->[androidx.profileinstaller:profileinstaller:1.3.1] AndroidManifest.xml:31:17-49
73        </provider>
74
75        <receiver
75-->[androidx.profileinstaller:profileinstaller:1.3.1] AndroidManifest.xml:34:9-52:20
76            android:name="androidx.profileinstaller.ProfileInstallReceiver"
76-->[androidx.profileinstaller:profileinstaller:1.3.1] AndroidManifest.xml:35:13-76
77            android:directBootAware="false"
77-->[androidx.profileinstaller:profileinstaller:1.3.1] AndroidManifest.xml:36:13-44
78            android:enabled="true"
78-->[androidx.profileinstaller:profileinstaller:1.3.1] AndroidManifest.xml:37:13-35
79            android:exported="true"
79-->[androidx.profileinstaller:profileinstaller:1.3.1] AndroidManifest.xml:38:13-36
80            android:permission="android.permission.DUMP" >
80-->[androidx.profileinstaller:profileinstaller:1.3.1] AndroidManifest.xml:39:13-57
81            <intent-filter>
81-->[androidx.profileinstaller:profileinstaller:1.3.1] AndroidManifest.xml:40:13-42:29
82                <action android:name="androidx.profileinstaller.action.INSTALL_PROFILE" />
82-->[androidx.profileinstaller:profileinstaller:1.3.1] AndroidManifest.xml:41:17-91
82-->[androidx.profileinstaller:profileinstaller:1.3.1] AndroidManifest.xml:41:25-88
83            </intent-filter>
84            <intent-filter>
84-->[androidx.profileinstaller:profileinstaller:1.3.1] AndroidManifest.xml:43:13-45:29
85                <action android:name="androidx.profileinstaller.action.SKIP_FILE" />
85-->[androidx.profileinstaller:profileinstaller:1.3.1] AndroidManifest.xml:44:17-85
85-->[androidx.profileinstaller:profileinstaller:1.3.1] AndroidManifest.xml:44:25-82
86            </intent-filter>
87            <intent-filter>
87-->[androidx.profileinstaller:profileinstaller:1.3.1] AndroidManifest.xml:46:13-48:29
88                <action android:name="androidx.profileinstaller.action.SAVE_PROFILE" />
88-->[androidx.profileinstaller:profileinstaller:1.3.1] AndroidManifest.xml:47:17-88
88-->[androidx.profileinstaller:profileinstaller:1.3.1] AndroidManifest.xml:47:25-85
89            </intent-filter>
90            <intent-filter>
90-->[androidx.profileinstaller:profileinstaller:1.3.1] AndroidManifest.xml:49:13-51:29
91                <action android:name="androidx.profileinstaller.action.BENCHMARK_OPERATION" />
91-->[androidx.profileinstaller:profileinstaller:1.3.1] AndroidManifest.xml:50:17-95
91-->[androidx.profileinstaller:profileinstaller:1.3.1] AndroidManifest.xml:50:25-92
92            </intent-filter>
93        </receiver>
94    </application>
95
96</manifest>